-------------------------------------------------------------------------------
Test set: TestSuite
-------------------------------------------------------------------------------
Tests run: 1, Failures: 1, Errors: 0, Skipped: 0, Time elapsed: 0.657 s <<< FAILURE! - in TestSuite
shouldAnswerWithTrue(Azure.DevOps.AppTest)  Time elapsed: 0.011 s  <<< FAILURE!
java.lang.UnsupportedClassVersionError: org/openqa/selenium/remote/RemoteWebDriver has been compiled by a more recent version of the Java Runtime (class file version 55.0), this version of the Java Runtime only recognizes class file versions up to 52.0
	at Azure.DevOps.AppTest.shouldAnswerWithTrue(AppTest.java:20)

